0 info it worked if it ends with ok
1 verbose cli [ 'C:\\Program Files\\nodejs611\\node.exe',
1 verbose cli   'C:\\Program Files\\nodejs611\\node_modules\\npm\\bin\\npm-cli.js',
1 verbose cli   'run',
1 verbose cli   'start' ]
2 info using npm@3.10.10
3 info using node@v6.11.4
4 verbose run-script [ 'prestart', 'start', 'poststart' ]
5 info lifecycle hy-map@0.2.47~prestart: hy-map@0.2.47
6 silly lifecycle hy-map@0.2.47~prestart: no script for prestart, continuing
7 info lifecycle hy-map@0.2.47~start: hy-map@0.2.47
8 verbose lifecycle hy-map@0.2.47~start: unsafe-perm in lifecycle true
9 verbose lifecycle hy-map@0.2.47~start: PATH: C:\Program Files\nodejs611\node_modules\npm\bin\node-gyp-bin;D:\002Project\hymap-2D\node_modules\.bin;C:\ProgramData\Oracle\Java\javapath;e:\app\hydata\product\11.2.0\client_1\bin;C:\Windows\system32;C:\Windows;C:\Windows\System32\Wbem;C:\Windows\System32\WindowsPowerShell\v1.0\;C:\Program Files\Microsoft\Web Platform Installer\;C:\Program Files (x86)\Microsoft ASP.NET\ASP.NET Web Pages\v1.0\;C:\Program Files (x86)\Windows Kits\8.0\Windows Performance Toolkit\;C:\Program Files\Microsoft SQL Server\110\Tools\Binn\;C:\Program Files\Java\jdk1.7.0_80\bin;C:\Program Files\Java\jdk1.7.0_80\jre\bin;C:\Program Files\Git\cmd;C:\Program Files (x86)\NVIDIA Corporation\PhysX\Common;C:\Program Files\Intel\WiFi\bin\;C:\Program Files\Common Files\Intel\WirelessCommon\;C:\Program Files\TortoiseSVN\bin;C:\Python27\ArcGIS10.2\;C:\Python27\ArcGIS10.2\Scripts;C:\sqlite;C:\Program Files\SlikSvn\bin;C:\Program Files\Common Files\Autodesk Shared\;C:\Program Files (x86)\Autodesk\Backburner\;C:\Program Files\TortoiseGit\bin;C:\PostgreSQL\pg95\bin;C:\Program Files\nodejs611\;C:\Program Files\Intel\WiFi\bin\;C:\Program Files\Common Files\Intel\WirelessCommon\;C:\Program Files (x86)\SSH Communications Security\SSH Secure Shell;C:\Program Files\nodejsv0.10\node_modules\npm;C:\Users\hydata\AppData\Local\GitHubDesktop\bin;C:\Users\hydata\AppData\Roaming\npm
10 verbose lifecycle hy-map@0.2.47~start: CWD: D:\002Project\hymap-2D
11 silly lifecycle hy-map@0.2.47~start: Args: [ '/d /s /c',
11 silly lifecycle   'webpack-dev-server --hot . --history-api-fallback --content-base' ]
12 silly lifecycle hy-map@0.2.47~start: Returned: code: 3221225786  signal: null
13 info lifecycle hy-map@0.2.47~start: Failed to exec start script
14 verbose stack Error: hy-map@0.2.47 start: `webpack-dev-server --hot . --history-api-fallback --content-base`
14 verbose stack Exit status 3221225786
14 verbose stack     at EventEmitter.<anonymous> (C:\Program Files\nodejs611\node_modules\npm\lib\utils\lifecycle.js:255:16)
14 verbose stack     at emitTwo (events.js:106:13)
14 verbose stack     at EventEmitter.emit (events.js:191:7)
14 verbose stack     at ChildProcess.<anonymous> (C:\Program Files\nodejs611\node_modules\npm\lib\utils\spawn.js:40:14)
14 verbose stack     at emitTwo (events.js:106:13)
14 verbose stack     at ChildProcess.emit (events.js:191:7)
14 verbose stack     at maybeClose (internal/child_process.js:920:16)
14 verbose stack     at Process.ChildProcess._handle.onexit (internal/child_process.js:230:5)
15 verbose pkgid hy-map@0.2.47
16 verbose cwd D:\002Project\hymap-2D
17 error Windows_NT 6.1.7601
18 error argv "C:\\Program Files\\nodejs611\\node.exe" "C:\\Program Files\\nodejs611\\node_modules\\npm\\bin\\npm-cli.js" "run" "start"
19 error node v6.11.4
20 error npm  v3.10.10
21 error code ELIFECYCLE
22 error hy-map@0.2.47 start: `webpack-dev-server --hot . --history-api-fallback --content-base`
22 error Exit status 3221225786
23 error Failed at the hy-map@0.2.47 start script 'webpack-dev-server --hot . --history-api-fallback --content-base'.
23 error Make sure you have the latest version of node.js and npm installed.
23 error If you do, this is most likely a problem with the hy-map package,
23 error not with npm itself.
23 error Tell the author that this fails on your system:
23 error     webpack-dev-server --hot . --history-api-fallback --content-base
23 error You can get information on how to open an issue for this project with:
23 error     npm bugs hy-map
23 error Or if that isn't available, you can get their info via:
23 error     npm owner ls hy-map
23 error There is likely additional logging output above.
24 verbose exit [ 1, true ]
